<?xml version="1.0" encoding="UTF-8"?>
<coverage generated="1673802849149" clover="3.2.0">
  <project timestamp="1673802849149" name="All files">
    <metrics statements="22" coveredstatements="22" conditionals="12" coveredconditionals="10" methods="2" coveredmethods="2" elements="36" coveredelements="34" complexity="0" loc="22" ncloc="22" packages="1" files="1" classes="1"/>
    <file name="task4.js" path="/Users/Yashasva_Sharma/Documents/CodeAcadamy/Jscript/jestPractice/task4.js">
      <metrics statements="22" coveredstatements="22" conditionals="12" coveredconditionals="10" methods="2" coveredmethods="2"/>
      <line num="1" count="1" type="stmt"/>
      <line num="4" count="1" type="stmt"/>
      <line num="5" count="1" type="stmt"/>
      <line num="6" count="5" type="cond" truecount="2" falsecount="0"/>
      <line num="7" count="3" type="stmt"/>
      <line num="8" count="2" type="cond" truecount="1" falsecount="1"/>
      <line num="9" count="2" type="cond" truecount="2" falsecount="0"/>
      <line num="10" count="1" type="stmt"/>
      <line num="14" count="1" type="stmt"/>
      <line num="17" count="1" type="stmt"/>
      <line num="19" count="1" type="stmt"/>
      <line num="21" count="1" type="stmt"/>
      <line num="22" count="1" type="stmt"/>
      <line num="23" count="1" type="stmt"/>
      <line num="24" count="5" type="cond" truecount="2" falsecount="0"/>
      <line num="25" count="3" type="stmt"/>
      <line num="26" count="2" type="cond" truecount="1" falsecount="1"/>
      <line num="27" count="2" type="cond" truecount="2" falsecount="0"/>
      <line num="28" count="1" type="stmt"/>
      <line num="32" count="1" type="stmt"/>
      <line num="35" count="1" type="stmt"/>
      <line num="37" count="1" type="stmt"/>
    </file>
  </project>
</coverage>
