{"/Users/Yashasva_Sharma/Documents/CodeAcadamy/Jscript/jestPractice/task1.js": {"path":"/Users/Yashasva_Sharma/Documents/CodeAcadamy/Jscript/jestPractice/task1.js","statementMap":{"0":{"start":{"line":1,"column":14},"end":{"line":1,"column":25}},"1":{"start":{"line":4,"column":22},"end":{"line":4,"column":38}},"2":{"start":{"line":5,"column":4},"end":{"line":11,"column":5}},"3":{"start":{"line":6,"column":8},"end":{"line":10,"column":9}},"4":{"start":{"line":7,"column":12},"end":{"line":9,"column":13}},"5":{"start":{"line":8,"column":16},"end":{"line":8,"column":37}},"6":{"start":{"line":12,"column":4},"end":{"line":12,"column":22}},"7":{"start":{"line":15,"column":25},"end":{"line":15,"column":50}},"8":{"start":{"line":17,"column":0},"end":{"line":17,"column":31}},"9":{"start":{"line":19,"column":0},"end":{"line":19,"column":33}}},"fnMap":{"0":{"name":"findGreatestEven","decl":{"start":{"line":3,"column":9},"end":{"line":3,"column":25}},"loc":{"start":{"line":3,"column":31},"end":{"line":13,"column":1}},"line":3}},"branchMap":{"0":{"loc":{"start":{"line":6,"column":8},"end":{"line":10,"column":9}},"type":"if","locations":[{"start":{"line":6,"column":8},"end":{"line":10,"column":9}},{"start":{},"end":{}}],"line":6},"1":{"loc":{"start":{"line":7,"column":12},"end":{"line":9,"column":13}},"type":"if","locations":[{"start":{"line":7,"column":12},"end":{"line":9,"column":13}},{"start":{},"end":{}}],"line":7}},"s":{"0":1,"1":2,"2":2,"3":11,"4":5,"5":5,"6":2,"7":1,"8":1,"9":1},"f":{"0":2},"b":{"0":[5,6],"1":[5,0]},"_coverageSchema":"1a1c01bbd47fc00a2c39e90264f33305004495a9","hash":"19a702c1edf92119d5de43a3bc69af4fe3faa410"}
}
