{"/Users/Yashasva_Sharma/Documents/CodeAcadamy/Jscript/jestPractice/task4.js": {"path":"/Users/Yashasva_Sharma/Documents/CodeAcadamy/Jscript/jestPractice/task4.js","statementMap":{"0":{"start":{"line":1,"column":15},"end":{"line":1,"column":59}},"1":{"start":{"line":4,"column":18},"end":{"line":4,"column":20}},"2":{"start":{"line":5,"column":4},"end":{"line":13,"column":5}},"3":{"start":{"line":6,"column":8},"end":{"line":12,"column":9}},"4":{"start":{"line":7,"column":12},"end":{"line":7,"column":31}},"5":{"start":{"line":8,"column":14},"end":{"line":12,"column":9}},"6":{"start":{"line":9,"column":12},"end":{"line":11,"column":13}},"7":{"start":{"line":10,"column":16},"end":{"line":10,"column":35}},"8":{"start":{"line":14,"column":4},"end":{"line":14,"column":18}},"9":{"start":{"line":17,"column":14},"end":{"line":17,"column":35}},"10":{"start":{"line":19,"column":0},"end":{"line":19,"column":20}},"11":{"start":{"line":21,"column":17},"end":{"line":33,"column":1}},"12":{"start":{"line":22,"column":18},"end":{"line":22,"column":20}},"13":{"start":{"line":23,"column":4},"end":{"line":31,"column":5}},"14":{"start":{"line":24,"column":8},"end":{"line":30,"column":9}},"15":{"start":{"line":25,"column":12},"end":{"line":25,"column":31}},"16":{"start":{"line":26,"column":14},"end":{"line":30,"column":9}},"17":{"start":{"line":27,"column":12},"end":{"line":29,"column":13}},"18":{"start":{"line":28,"column":16},"end":{"line":28,"column":35}},"19":{"start":{"line":32,"column":4},"end":{"line":32,"column":18}},"20":{"start":{"line":35,"column":19},"end":{"line":35,"column":39}},"21":{"start":{"line":37,"column":0},"end":{"line":37,"column":25}}},"fnMap":{"0":{"name":"longestWord","decl":{"start":{"line":3,"column":9},"end":{"line":3,"column":20}},"loc":{"start":{"line":3,"column":30},"end":{"line":15,"column":1}},"line":3},"1":{"name":"(anonymous_1)","decl":{"start":{"line":21,"column":17},"end":{"line":21,"column":18}},"loc":{"start":{"line":21,"column":29},"end":{"line":33,"column":1}},"line":21}},"branchMap":{"0":{"loc":{"start":{"line":6,"column":8},"end":{"line":12,"column":9}},"type":"if","locations":[{"start":{"line":6,"column":8},"end":{"line":12,"column":9}},{"start":{"line":8,"column":14},"end":{"line":12,"column":9}}],"line":6},"1":{"loc":{"start":{"line":8,"column":14},"end":{"line":12,"column":9}},"type":"if","locations":[{"start":{"line":8,"column":14},"end":{"line":12,"column":9}},{"start":{},"end":{}}],"line":8},"2":{"loc":{"start":{"line":9,"column":12},"end":{"line":11,"column":13}},"type":"if","locations":[{"start":{"line":9,"column":12},"end":{"line":11,"column":13}},{"start":{},"end":{}}],"line":9},"3":{"loc":{"start":{"line":24,"column":8},"end":{"line":30,"column":9}},"type":"if","locations":[{"start":{"line":24,"column":8},"end":{"line":30,"column":9}},{"start":{"line":26,"column":14},"end":{"line":30,"column":9}}],"line":24},"4":{"loc":{"start":{"line":26,"column":14},"end":{"line":30,"column":9}},"type":"if","locations":[{"start":{"line":26,"column":14},"end":{"line":30,"column":9}},{"start":{},"end":{}}],"line":26},"5":{"loc":{"start":{"line":27,"column":12},"end":{"line":29,"column":13}},"type":"if","locations":[{"start":{"line":27,"column":12},"end":{"line":29,"column":13}},{"start":{},"end":{}}],"line":27}},"s":{"0":1,"1":1,"2":1,"3":5,"4":3,"5":2,"6":2,"7":1,"8":1,"9":1,"10":1,"11":1,"12":1,"13":1,"14":5,"15":3,"16":2,"17":2,"18":1,"19":1,"20":1,"21":1},"f":{"0":1,"1":1},"b":{"0":[3,2],"1":[2,0],"2":[1,1],"3":[3,2],"4":[2,0],"5":[1,1]},"_coverageSchema":"1a1c01bbd47fc00a2c39e90264f33305004495a9","hash":"902aa45bbef336a6bb5b1bfad626434910d4640b"}
}
