TN:
SF:jestPractice/arrayUtils/arrayUtils.js
FN:3,(anonymous_0)
FN:4,(anonymous_1)
FN:8,(anonymous_2)
FN:12,(anonymous_3)
FN:13,(anonymous_4)
FN:16,(anonymous_5)
FN:21,(anonymous_6)
FNF:7
FNH:7
FNDA:1,(anonymous_0)
FNDA:7,(anonymous_1)
FNDA:1,(anonymous_2)
FNDA:1,(anonymous_3)
FNDA:10,(anonymous_4)
FNDA:2,(anonymous_5)
FNDA:10,(anonymous_6)
DA:1,1
DA:3,1
DA:4,7
DA:8,1
DA:9,1
DA:12,1
DA:13,10
DA:16,1
DA:17,2
DA:18,1
DA:19,1
DA:20,1
DA:21,10
DA:24,1
DA:26,1
LF:15
LH:15
BRDA:17,0,0,1
BRDA:17,0,1,1
BRF:2
BRH:2
end_of_record
